<?xml version="1.0" encoding="UTF-8"?>
<!-- Generated by org.testng.reporters.JUnitXMLReporter -->
<testsuite ignored="0" hostname="Sangeethas-MacBook-Air.local" failures="2" tests="4" name="SwagLabs Tests" time="9.841" errors="0" timestamp="2025-10-16T00:06:18 CEST">
  <testcase classname="tests.LoginBasicTest" name="login" time="2.64"/>
  <testcase classname="tests.AddToCart" name="addTocart" time="2.029">
    <failure type="java.lang.NullPointerException" message="Cannot invoke &amp;quot;com.aventstack.extentreports.ExtentTest.log(com.aventstack.extentreports.Status, String)&amp;quot; because &amp;quot;this.test&amp;quot; is null">
      <![CDATA[java.lang.NullPointerException: Cannot invoke "com.aventstack.extentreports.ExtentTest.log(com.aventstack.extentreports.Status, String)" because "this.test" is null
at tests.AddToCart.addTocart(AddToCart.java:77)
at java.base/java.util.ArrayList.forEach(ArrayList.java:1511)
... Removed 27 stack frames]]>
    </failure>
  </testcase> <!-- addTocart -->
  <testcase classname="tests.AddToCart" name="login" time="0.353"/>
  <testcase classname="tests.AddToCart" name="verifyTitle" time="0.008">
    <failure type="java.lang.AssertionError" message="Page title is not as expected. expected [Swag Labs] but found []">
      <![CDATA[java.lang.AssertionError: Page title is not as expected. expected [Swag Labs] but found []
at tests.AddToCart.verifyTitle(AddToCart.java:63)
at java.base/java.util.ArrayList.forEach(ArrayList.java:1511)
... Removed 32 stack frames]]>
    </failure>
  </testcase> <!-- verifyTitle -->
</testsuite> <!-- SwagLabs Tests -->
